<?xml version="1.0" encoding="UTF-8"?>
<testng-results skipped="0" failed="1" ignored="1" total="2" passed="0">
  <reporter-output>
  </reporter-output>
  <suite name="Default suite" duration-ms="74530" started-at="2019-10-01T11:57:13Z" finished-at="2019-10-01T11:58:28Z">
    <groups>
    </groups>
    <test name="Default test" duration-ms="74530" started-at="2019-10-01T11:57:13Z" finished-at="2019-10-01T11:58:28Z">
      <class name="de.urlaub.pom.testcases.ClientTest">
        <test-method status="FAIL" signature="testAgain()[pri:0, instance:de.urlaub.pom.testcases.ClientTest@e45f292]" name="testAgain" duration-ms="74468" started-at="2019-10-01T11:57:14Z" finished-at="2019-10-01T11:58:28Z">
          <exception class="org.openqa.selenium.TimeoutException">
            <message>
              <![CDATA[Expected condition failed: waiting for visibility of Proxy element for: DefaultElementLocator 'By.xpath: //body[contains(@class,'laDE ltDE lsDE lDEDE has-banner-ads-enabled js noIE has-feature-fuh-linkout')]/div[@id='wrap']/div[@id='main']/main[@id='pageWrapper']/div[contains(@class,'row')]/div[contains(@class,'small-12 xlarge-9 small-order-1 xlarge-order-2 columns content js-ad-offset-top')]/div[contains(@class,'lastUnit contentWrapperWithSidebar row')]/div[contains(@class,'content-unit hotelResults small-12 columns')]/div[contains(@class,'row')]/div[@id='hotel-list']/div[contains(@class,'js-baseFrame-container')]/div[contains(@class,'js-baseFrame-hotelBoxList')]/div[1]/div[2]/div[1]/div[1]")))' (tried for 20 second(s) with 500 milliseconds interval)]]>
            </message>
            <full-stacktrace>
              <![CDATA[org.openqa.selenium.TimeoutException: Expected condition failed: waiting for visibility of Proxy element for: DefaultElementLocator 'By.xpath: //body[contains(@class,'laDE ltDE lsDE lDEDE has-banner-ads-enabled js noIE has-feature-fuh-linkout')]/div[@id='wrap']/div[@id='main']/main[@id='pageWrapper']/div[contains(@class,'row')]/div[contains(@class,'small-12 xlarge-9 small-order-1 xlarge-order-2 columns content js-ad-offset-top')]/div[contains(@class,'lastUnit contentWrapperWithSidebar row')]/div[contains(@class,'content-unit hotelResults small-12 columns')]/div[contains(@class,'row')]/div[@id='hotel-list']/div[contains(@class,'js-baseFrame-container')]/div[contains(@class,'js-baseFrame-hotelBoxList')]/div[1]/div[2]/div[1]/div[1]")))' (tried for 20 second(s) with 500 milliseconds interval)
at org.openqa.selenium.support.ui.WebDriverWait.timeoutException(WebDriverWait.java:95)
at org.openqa.selenium.support.ui.FluentWait.until(FluentWait.java:272)
at de.urlaub.pom.pages.HotelPage2.setFiveStartRating(HotelPage2.java:86)
at de.urlaub.pom.testcases.ClientTest.testAgain(ClientTest.java:54)
at sun.reflect.NativeMethodAccessorImpl.invoke0(Native Method)
at sun.reflect.NativeMethodAccessorImpl.invoke(Unknown Source)
at sun.reflect.DelegatingMethodAccessorImpl.invoke(Unknown Source)
at java.lang.reflect.Method.invoke(Unknown Source)
at org.testng.internal.MethodInvocationHelper.invokeMethod(MethodInvocationHelper.java:124)
at org.testng.internal.Invoker.invokeMethod(Invoker.java:583)
at org.testng.internal.Invoker.invokeTestMethod(Invoker.java:719)
at org.testng.internal.Invoker.invokeTestMethods(Invoker.java:989)
at org.testng.internal.TestMethodWorker.invokeTestMethods(TestMethodWorker.java:125)
at org.testng.internal.TestMethodWorker.run(TestMethodWorker.java:109)
at org.testng.TestRunner.privateRun(TestRunner.java:648)
at org.testng.TestRunner.run(TestRunner.java:505)
at org.testng.SuiteRunner.runTest(SuiteRunner.java:455)
at org.testng.SuiteRunner.runSequentially(SuiteRunner.java:450)
at org.testng.SuiteRunner.privateRun(SuiteRunner.java:415)
at org.testng.SuiteRunner.run(SuiteRunner.java:364)
at org.testng.SuiteRunnerWorker.runSuite(SuiteRunnerWorker.java:52)
at org.testng.SuiteRunnerWorker.run(SuiteRunnerWorker.java:84)
at org.testng.TestNG.runSuitesSequentially(TestNG.java:1208)
at org.testng.TestNG.runSuitesLocally(TestNG.java:1137)
at org.testng.TestNG.runSuites(TestNG.java:1049)
at org.testng.TestNG.run(TestNG.java:1017)
at org.testng.remote.AbstractRemoteTestNG.run(AbstractRemoteTestNG.java:115)
at org.testng.remote.RemoteTestNG.initAndRun(RemoteTestNG.java:251)
at org.testng.remote.RemoteTestNG.main(RemoteTestNG.java:77)
Caused by: org.openqa.selenium.InvalidSelectorException: Given xpath expression "//body[contains(@class,'laDE ltDE lsDE lDEDE has-banner-ads-enabled js noIE has-feature-fuh-linkout')]/div[@id='wrap']/div[@id='main']/main[@id='pageWrapper']/div[contains(@class,'row')]/div[contains(@class,'small-12 xlarge-9 small-order-1 xlarge-order-2 columns content js-ad-offset-top')]/div[contains(@class,'lastUnit contentWrapperWithSidebar row')]/div[contains(@class,'content-unit hotelResults small-12 columns')]/div[contains(@class,'row')]/div[@id='hotel-list']/div[contains(@class,'js-baseFrame-container')]/div[contains(@class,'js-baseFrame-hotelBoxList')]/div[1]/div[2]/div[1]/div[1]")))" is invalid: SyntaxError: The expression is not a legal expression.
For documentation on this error, please visit: https://www.seleniumhq.org/exceptions/invalid_selector_exception.html
Build info: version: '3.141.59', revision: 'e82be7d358', time: '2018-11-14T08:17:03'
System info: host: 'LAPTOP-LHOVM503', ip: '172.16.10.180', os.name: 'Windows 10', os.arch: 'amd64', os.version: '10.0', java.version: '1.8.0_191'
Driver info: org.openqa.selenium.firefox.FirefoxDriver
Capabilities {acceptInsecureCerts: true, browserName: firefox, browserVersion: 69.0.1, javascriptEnabled: true, moz:accessibilityChecks: false, moz:buildID: 20190917135527, moz:geckodriverVersion: 0.23.0, moz:headless: false, moz:processID: 12884, moz:profile: C:\Users\sapna\AppData\Loca..., moz:shutdownTimeout: 60000, moz:useNonSpecCompliantPointerOrigin: false, moz:webdriverClick: true, pageLoadStrategy: normal, platform: WINDOWS, platformName: WINDOWS, platformVersion: 10.0, rotatable: false, setWindowRect: true, strictFileInteractability: false, timeouts: {implicit: 0, pageLoad: 300000, script: 30000}, unhandledPromptBehavior: dismiss and notify}
Session ID: 5ddd13be-626b-4165-87b3-ff724073390b
*** Element info: {Using=xpath, value=//body[contains(@class,'laDE ltDE lsDE lDEDE has-banner-ads-enabled js noIE has-feature-fuh-linkout')]/div[@id='wrap']/div[@id='main']/main[@id='pageWrapper']/div[contains(@class,'row')]/div[contains(@class,'small-12 xlarge-9 small-order-1 xlarge-order-2 columns content js-ad-offset-top')]/div[contains(@class,'lastUnit contentWrapperWithSidebar row')]/div[contains(@class,'content-unit hotelResults small-12 columns')]/div[contains(@class,'row')]/div[@id='hotel-list']/div[contains(@class,'js-baseFrame-container')]/div[contains(@class,'js-baseFrame-hotelBoxList')]/div[1]/div[2]/div[1]/div[1]")))}
at sun.reflect.GeneratedConstructorAccessor13.newInstance(Unknown Source)
at sun.reflect.DelegatingConstructorAccessorImpl.newInstance(Unknown Source)
at java.lang.reflect.Constructor.newInstance(Unknown Source)
at org.openqa.selenium.remote.http.W3CHttpResponseCodec.createException(W3CHttpResponseCodec.java:187)
at org.openqa.selenium.remote.http.W3CHttpResponseCodec.decode(W3CHttpResponseCodec.java:122)
at org.openqa.selenium.remote.http.W3CHttpResponseCodec.decode(W3CHttpResponseCodec.java:49)
at org.openqa.selenium.remote.HttpCommandExecutor.execute(HttpCommandExecutor.java:158)
at org.openqa.selenium.remote.service.DriverCommandExecutor.execute(DriverCommandExecutor.java:83)
at org.openqa.selenium.remote.RemoteWebDriver.execute(RemoteWebDriver.java:552)
at org.openqa.selenium.remote.RemoteWebDriver.findElement(RemoteWebDriver.java:323)
at org.openqa.selenium.remote.RemoteWebDriver.findElementByXPath(RemoteWebDriver.java:428)
at org.openqa.selenium.By$ByXPath.findElement(By.java:353)
at org.openqa.selenium.remote.RemoteWebDriver.findElement(RemoteWebDriver.java:315)
at org.openqa.selenium.support.pagefactory.DefaultElementLocator.findElement(DefaultElementLocator.java:69)
at org.openqa.selenium.support.pagefactory.internal.LocatingElementHandler.invoke(LocatingElementHandler.java:38)
at com.sun.proxy.$Proxy7.isDisplayed(Unknown Source)
at org.openqa.selenium.support.ui.ExpectedConditions.elementIfVisible(ExpectedConditions.java:314)
at org.openqa.selenium.support.ui.ExpectedConditions.access$000(ExpectedConditions.java:43)
at org.openqa.selenium.support.ui.ExpectedConditions$10.apply(ExpectedConditions.java:300)
at org.openqa.selenium.support.ui.ExpectedConditions$10.apply(ExpectedConditions.java:297)
at org.openqa.selenium.support.ui.FluentWait.until(FluentWait.java:249)
... 27 more
]]>
            </full-stacktrace>
          </exception> <!-- org.openqa.selenium.TimeoutException -->
          <reporter-output>
          </reporter-output>
        </test-method> <!-- testAgain -->
      </class> <!-- de.urlaub.pom.testcases.ClientTest -->
    </test> <!-- Default test -->
  </suite> <!-- Default suite -->
</testng-results>
